Running in Lattice mode


Starting:    C:\ispLEVER_Classic2_0\synpbase\win64\mbin\synbatch.exe
Install:     C:\ispLEVER_Classic2_0\synpbase
Date:        Wed Sep 06 16:05:27 2017
Version:     I-2014.03LC 

Arguments:   -product synplify_pro  -batch c:/users/tobib/byggern\GAL_addrSelect.prj
ProductType: synplify_pro





log file: "C:\users\tobib\byggern\GAL_addrSelect.srr"

Running GAL_addrSelect|byggern

Running: Compile on GAL_addrSelect|byggern

Running: Compile Process on GAL_addrSelect|byggern

Running: Compile Input on GAL_addrSelect|byggern
Copied C:\users\tobib\byggern\synwork\GAL_addrSelect_comp.srs to C:\users\tobib\byggern\GAL_addrSelect.srs
compiler Completed
Return Code: 0
Run Time:0h:00m:01s

Running: Multi-srs Generator on GAL_addrSelect|byggern
Copied C:\users\tobib\byggern\synwork\GAL_addrSelect_comp.srs to C:\users\tobib\byggern\synwork\GAL_addrSelect_s.srs
multi_srs_gen Completed
Return Code: 0
Run Time:0h:00m:00s
Copied C:\users\tobib\byggern\synwork\GAL_addrSelect_mult.srs to C:\users\tobib\byggern\GAL_addrSelect.srs
Copied C:\users\tobib\byggern\GAL_addrSelect.srr to C:\users\tobib\byggern\gal_addrselect.srf
Complete: Compile Process on GAL_addrSelect|byggern
Complete: Compile on GAL_addrSelect|byggern

Running: Map on GAL_addrSelect|byggern

Running: Map & Optimize on GAL_addrSelect|byggern
fpga_mapper Completed
Return Code: 0
Run Time:0h:00m:01s
Complete: Map on GAL_addrSelect|byggern
Copied C:\users\tobib\byggern\GAL_addrSelect.srr to C:\users\tobib\byggern\gal_addrselect.srf
Complete: Logic Synthesis on GAL_addrSelect|byggern

exit status=0

exit status=0

